# JRE version: OpenJDK Runtime Environment 18.9 (11.0.12+7) (build 11.0.12+7-LTS)
# Java VM: OpenJDK 64-Bit Server VM 18.9 (11.0.12+7-LTS, mixed mode, sharing, tiered, compressed oops, g1 gc, linux-amd64)
Heap:
 garbage-first heap   total 518144K, used 123194K [0x000000060ac00000, 0x0000000800000000)
  region size 2048K, 59 young (120832K), 2 survivors (4096K)
 Metaspace       used 23942K, capacity 24598K, committed 25136K, reserved 1071104K
  class space    used 2770K, capacity 3079K, committed 3200K, reserved 1048576K
GC Heap History (14 events):
Event: 29.626 GC heap before
{Heap before GC invocations=0 (full 0):
 garbage-first heap   total 518144K, used 23244K [0x000000060ac00000, 0x0000000800000000)
  region size 2048K, 12 young (24576K), 0 survivors (0K)
 Metaspace       used 13214K, capacity 13707K, committed 13952K, reserved 1060864K
  class space    used 1582K, capacity 1842K, committed 1920K, reserved 1048576K
}
Event: 29.636 GC heap after
{Heap after GC invocations=1 (full 0):
 garbage-first heap   total 518144K, used 5038K [0x000000060ac00000, 0x0000000800000000)
  region size 2048K, 2 young (4096K), 2 survivors (4096K)
 Metaspace       used 13214K, capacity 13707K, committed 13952K, reserved 1060864K
  class space    used 1582K, capacity 1842K, committed 1920K, reserved 1048576K
}
Event: 34.674 GC heap before
{Heap before GC invocations=1 (full 0):
 garbage-first heap   total 518144K, used 23470K [0x000000060ac00000, 0x0000000800000000)
  region size 2048K, 12 young (24576K), 2 survivors (4096K)
 Metaspace       used 20418K, capacity 21025K, committed 21296K, reserved 1067008K
  class space    used 2531K, capacity 2852K, committed 2944K, reserved 1048576K
}
Event: 34.683 GC heap after
{Heap after GC invocations=2 (full 0):
 garbage-first heap   total 518144K, used 7837K [0x000000060ac00000, 0x0000000800000000)
  region size 2048K, 2 young (4096K), 2 survivors (4096K)
 Metaspace       used 20418K, capacity 21025K, committed 21296K, reserved 1067008K
  class space    used 2531K, capacity 2852K, committed 2944K, reserved 1048576K
}
Event: 57.446 GC heap before
{Heap before GC invocations=3 (full 0):
 garbage-first heap   total 518144K, used 50845K [0x000000060ac00000, 0x0000000800000000)
  region size 2048K, 23 young (47104K), 2 survivors (4096K)
 Metaspace       used 22507K, capacity 23173K, committed 23472K, reserved 1069056K
  class space    used 2647K, capacity 2948K, committed 3072K, reserved 1048576K
}
Event: 57.447 GC heap after
{Heap after GC invocations=4 (full 0):
 garbage-first heap   total 518144K, used 8192K [0x000000060ac00000, 0x0000000800000000)
  region size 2048K, 2 young (4096K), 2 survivors (4096K)
 Metaspace       used 22507K, capacity 23173K, committed 23472K, reserved 1069056K
  class space    used 2647K, capacity 2948K, committed 3072K, reserved 1048576K
}
Event: 134.271 GC heap before
{Heap before GC invocations=4 (full 0):
 garbage-first heap   total 518144K, used 94208K [0x000000060ac00000, 0x0000000800000000)
  region size 2048K, 44 young (90112K), 2 survivors (4096K)
 Metaspace       used 22679K, capacity 23365K, committed 23728K, reserved 1071104K
  class space    used 2653K, capacity 2948K, committed 3072K, reserved 1048576K
}
Event: 134.273 GC heap after
{Heap after GC invocations=5 (full 0):
 garbage-first heap   total 518144K, used 8186K [0x000000060ac00000, 0x0000000800000000)
  region size 2048K, 2 young (4096K), 2 survivors (4096K)
 Metaspace       used 22679K, capacity 23365K, committed 23728K, reserved 1071104K
  class space    used 2653K, capacity 2948K, committed 3072K, reserved 1048576K
}
Event: 254.353 GC heap before
{Heap before GC invocations=5 (full 0):
 garbage-first heap   total 518144K, used 131066K [0x000000060ac00000, 0x0000000800000000)
  region size 2048K, 62 young (126976K), 2 survivors (4096K)
 Metaspace       used 23379K, capacity 24040K, committed 24496K, reserved 1071104K
  class space    used 2744K, capacity 3045K, committed 3072K, reserved 1048576K
}
Event: 254.359 GC heap after
{Heap after GC invocations=6 (full 0):
 garbage-first heap   total 518144K, used 8429K [0x000000060ac00000, 0x0000000800000000)
  region size 2048K, 2 young (4096K), 2 survivors (4096K)
 Metaspace       used 23379K, capacity 24040K, committed 24496K, reserved 1071104K
  class space    used 2744K, capacity 3045K, committed 3072K, reserved 1048576K
}
Event: 349.222 GC heap before
{Heap before GC invocations=6 (full 0):
 garbage-first heap   total 518144K, used 182509K [0x000000060ac00000, 0x0000000800000000)
  region size 2048K, 87 young (178176K), 2 survivors (4096K)
 Metaspace       used 23489K, capacity 24172K, committed 24496K, reserved 1071104K
  class space    used 2746K, capacity 3045K, committed 3072K, reserved 1048576K
}
Event: 349.260 GC heap after
{Heap after GC invocations=7 (full 0):
 garbage-first heap   total 518144K, used 8587K [0x000000060ac00000, 0x0000000800000000)
  region size 2048K, 2 young (4096K), 2 survivors (4096K)
 Metaspace       used 23489K, capacity 24172K, committed 24496K, reserved 1071104K
  class space    used 2746K, capacity 3045K, committed 3072K, reserved 1048576K
}
Event: 482.130 GC heap before
{Heap before GC invocations=7 (full 0):
 garbage-first heap   total 518144K, used 237963K [0x000000060ac00000, 0x0000000800000000)
  region size 2048K, 114 young (233472K), 2 survivors (4096K)
 Metaspace       used 23694K, capacity 24370K, committed 24752K, reserved 1071104K
  class space    used 2749K, capacity 3047K, committed 3072K, reserved 1048576K
}
Event: 482.211 GC heap after
{Heap after GC invocations=8 (full 0):
 garbage-first heap   total 518144K, used 8506K [0x000000060ac00000, 0x0000000800000000)
  region size 2048K, 2 young (4096K), 2 survivors (4096K)
 Metaspace       used 23694K, capacity 24370K, committed 24752K, reserved 1071104K
  class space    used 2749K, capacity 3047K, committed 3072K, reserved 1048576K
}

