        -:    0:Source:Date.cc
        -:    0:Graph:Date.gcno
        -:    0:Data:Date.gcda
        -:    0:Runs:1
        -:    0:Programs:1
        -:    1:#include "Date.h"
        -:    2:#include <cassert>	// assert
        -:    3:#include <iomanip>
        -:    4:#include <time.h>
        -:    5:
        -:    6:using namespace std;
        -:    7:
        -:    8:// Return true if year is a leap year, false if it isn’t.
        -:    9://
        -:   10:// The rules are:
        -:   11:// • Years divisible by 4 are leap years, except
        -:   12:// • years divisible by 100 are NOT leap years, except
        -:   13:// • years divisible by 400 ARE leap years.
        -:   14://
        -:   15:// Examples:
        -:   16:// • Leap years: 1600, 2000, 2004, 2008, 2400
        -:   17:// • Not leap years: 1700, 1800, 1900, 2001, 2002, 2003
        -:   18://
        -:   19:// Ancient Romans used only the divisible-by-4 rule, which gives an
        -:   20:// average year length of 365.25 days.  This was called the Julian
        -:   21:// Calendar, after Julius Caesar, who promoted it.
        -:   22://
        -:   23:// However, the actual length of the year (365.24217 days) is a bit less
        -:   24:// than that, so Pope Gregory XIII added the next two rules, creating
        -:   25:// our current Gregorian Calendar, which is closer (365.2425 days).
        -:   26:
  7507853:   27:static bool leap(int year) {		// Calculate Gregorian leap year
 7507853*:   28:    assert(1 <= year && year <= 9999);
  7507853:   29:    if (year % 400 == 0)		// Divisible by 400?
    19119:   30:	return true;			// It’s a leap year.
  7488734:   31:    if (year % 100 == 0)		// Divisible by 100?
    55650:   32:	return false;			// Not a leap year.
  7433084:   33:    if (year % 4 == 0)			// Divisible by 4?
  1848868:   34:	return true;			// It’s a leap year.
  5584216:   35:    return false;			// Boring plain non-leap year.
        -:   36:}
        -:   37:
    61743:   38:static int days_per_year(int year) {
   61743*:   39:    assert(1 <= year && year <= 9999);
    61743:   40:    return leap(year) ? 366 : 365;
        -:   41:}
        -:   42:
 96261899:   43:static int days_per_month(int year, int month) {
96261899*:   44:    assert(1 <= year && year <= 9999);
96261899*:   45:    assert(1 <= month && month <= 12);
 96261899:   46:    const int days[] = {00,31,28,31,30,31,30,31,31,30,31,30,31};
 96261899:   47:    if (month==2 && leap(year))
  1853015:   48:	return 29;
 94408884:   49:    return days[month];
        -:   50:}
        -:   51:
       55:   52:int Date::ymd_to_daynum(int year, int month, int day) {
      55*:   53:    assert(1 <= year && year <= 9999);
      55*:   54:    assert(1 <= month && month <= 12);
      55*:   55:    assert(1 <= day && day <= 31);
        -:   56:
        -:   57:    // Start at Jan 1, 0001, and increment until we get to what we want
       55:   58:    int daynum=1;
        -:   59:
    61798:   60:    for (int y=1; y < year; y++)
    61743:   61:	daynum += days_per_year(y);
        -:   62:
      369:   63:    for (int m=1; m < month; m++)
      314:   64:	daynum += days_per_month(year, m);
        -:   65:
        -:   66:    // We're now poised at the first day of that month
       55:   67:    daynum += day-1;
        -:   68:
      55*:   69:    assert(1 <= daynum && daynum <= 10000 * 366);
       55:   70:    return daynum;
        -:   71:}
        -:   72:
      204:   73:static void daynum_to_ymd(int daynum, int &year, int &month, int &day) {
     204*:   74:    assert(1 <= daynum && daynum <= 10000 * 366);
        -:   75:
      204:   76:    int y=1, m=1, d=1;
        -:   77:
        -:   78:#if 0
        -:   79:    // Jump forward by years, at first.
        -:   80:    // Why 400 instead of 365 or 366?  Too much caution, I suppose.
        -:   81:    while (daynum >= 400)
        -:   82:	daynum -= days_per_year(y++);
        -:   83:#endif
        -:   84:
 96261789:   85:    for (; daynum>1; daynum--) {
        -:   86:	// Increment y-m-d
 96261585:   87:	d++;
 96261585:   88:	if (d > days_per_month(y, m)) {
  3162576:   89:	    m++;
  3162576:   90:	    d=1;
  3162576:   91:	    if (m > 12) {
   263463:   92:		y++;
   263463:   93:		m=1;
        -:   94:	    }
        -:   95:	}
        -:   96:    }
        -:   97:
      204:   98:    year = y;
      204:   99:    month = m;
      204:  100:    day = d;
        -:  101:
     204*:  102:    assert(1 <= year && year <= 9999);
     204*:  103:    assert(1 <= month && month <= 12);
     204*:  104:    assert(1 <= day && day <= 31);
      204:  105:}
        -:  106:
       53:  107:Date::Date(int year, int month, int day)
       53:  108:: daynum(ymd_to_daynum(year, month, day)) {
      53*:  109:    assert(1 <= year && year <= 9999);
      53*:  110:    assert(1 <= month && month <= 12);
      53*:  111:    assert(1 <= day && day <= 31);
      53*:  112:    assert(1 <= daynum && daynum <= 10000 * 366);
       53:  113:}
        -:  114:
        2:  115:Date::Date() {
        2:  116:    const time_t now = time(nullptr);	    // Seconds since 1970 started
        2:  117:    struct tm *tm = localtime(&now);	    // year/month/day/hour/min/sec
        2:  118:    daynum = ymd_to_daynum(tm->tm_year+1900, tm->tm_mon+1, tm->tm_mday);
        -:  119:    // Yes, 1900.  That’s not a Y2K bug--that’s how localtime is defined.
        2:  120:}
        -:  121:
       68:  122:int Date::getday() const {
        -:  123:    int year, month, day;
       68:  124:    daynum_to_ymd(daynum, year, month, day);
       68:  125:    return day;
        -:  126:}
        -:  127:
       68:  128:int Date::getmonth() const {
        -:  129:    int year, month, day;
       68:  130:    daynum_to_ymd(daynum, year, month, day);
       68:  131:    return month;
        -:  132:}
        -:  133:
       68:  134:int Date::getyear() const {
        -:  135:    int year, month, day;
       68:  136:    daynum_to_ymd(daynum, year, month, day);
       68:  137:    return year;
        -:  138:}
        -:  139:
    #####:  140:void Date::setday(int new_day) {
        -:  141:    int year, month, day;
    #####:  142:    daynum_to_ymd(daynum, year, month, day);
    #####:  143:    daynum = ymd_to_daynum(year, month, new_day);
    #####:  144:}
        -:  145:
    #####:  146:void Date::setmonth(int new_month) {
        -:  147:    int year, month, day;
    #####:  148:    daynum_to_ymd(daynum, year, month, day);
    #####:  149:    daynum = ymd_to_daynum(year, new_month, day);
    #####:  150:}
        -:  151:
    #####:  152:void Date::setyear(int new_year) {
        -:  153:    int year, month, day;
    #####:  154:    daynum_to_ymd(daynum, year, month, day);
    #####:  155:    daynum = ymd_to_daynum(new_year, month, day);
    #####:  156:}
        -:  157:
        -:  158:// This one stands alone
        -:  159:
        2:  160:int Date::operator-(const Date &rhs) const {
        2:  161:    return daynum - rhs.daynum;
        -:  162:}
        -:  163:
        -:  164:// This does the real work of all numeric operations.
        -:  165:// All other operators (+, -, ++, -=, etc) should invoke operator+=.
        -:  166:
        9:  167:Date &Date::operator+=(int value) {
        9:  168:    daynum += value;
        9:  169:    return *this;
        -:  170:}
        -:  171:
        2:  172:Date Date::operator+(int value) const {
        2:  173:    Date result = *this;
        2:  174:    return result += value;
        -:  175:}
        -:  176:
        1:  177:const Date &Date::operator++() {			// prefix
        1:  178:    *this += 1;
        1:  179:    return *this;
        -:  180:}
        -:  181:
        1:  182:Date Date::operator++(int /* dummy */) {		// postfix
        1:  183:    const auto before = *this;
        1:  184:    *this += 1;
        1:  185:    return before;
        -:  186:}
        -:  187:
        1:  188:Date Date::operator-(int value) const {
        1:  189:    return *this + -value;
        -:  190:}
        -:  191:
        4:  192:Date &Date::operator-=(int value) {
        4:  193:    return *this += -value;
        -:  194:}
        -:  195:
        1:  196:const Date &Date::operator--() {			// prefix
        1:  197:    *this -= 1;
        1:  198:    return *this;
        -:  199:}
        -:  200:
        1:  201:Date Date::operator--(int /* dummy */) {		// postfix
        1:  202:    Date before = *this;
        1:  203:    *this -= 1;
        1:  204:    return before;
        -:  205:}
        -:  206:
        -:  207:
        2:  208:bool Date::operator<(const Date &rhs) const {
        2:  209:    return daynum < rhs.daynum;
        -:  210:}
        -:  211:
        3:  212:bool Date::operator<=(const Date &rhs) const {
        3:  213:    return daynum <= rhs.daynum;
        -:  214:}
        -:  215:
        2:  216:bool Date::operator>(const Date &rhs) const {
        2:  217:    return daynum > rhs.daynum;
        -:  218:}
        -:  219:
        3:  220:bool Date::operator>=(const Date &rhs) const {
        3:  221:    return daynum >= rhs.daynum;
        -:  222:}
        -:  223:
        2:  224:bool Date::operator==(const Date &rhs) const {
        2:  225:    return daynum == rhs.daynum;
        -:  226:}
        -:  227:
        2:  228:bool Date::operator!=(const Date &rhs) const {
        2:  229:    return daynum != rhs.daynum;
        -:  230:}
        -:  231:
        -:  232:// non-methods (free functions):
        -:  233:
    #####:  234:Date operator+(int value, const Date &rhs) {
    #####:  235:    return rhs + value;
        -:  236:}
        -:  237:
       68:  238:ostream& operator<<(ostream &out, const Date &d) {
       68:  239:    return out << d.getyear() << '-' << d.getmonth() << '-' << d.getday();
        -:  240:}
        -:  241:
       55:  242:istream& operator>>(istream &in, Date &d) {
        -:  243:    int year, month, day;
        -:  244:    char c1, c2;
      108:  245:    if (in >> year  >> c1 && c1=='-'
       52:  246:     && in >> month >> c2 && c2=='-'
      108:  247:     && in >> day)
       52:  248:	d = Date(year, month, day);
        -:  249:    else
        3:  250:	in.setstate(ios::failbit);	// Input failed, so spoil the stream
       55:  251:    return in;
        -:  252:}
